52
6
337
6
47
6
207
48
337
337
6
122
52
337
6
337
47
6
6
6
337
42
6
6
337
337
134
48
47
47
52
47
337
337
6
6
6
47
6
207
42
42
337
47
108
108
47
48
6
52
48
52
104
104
104
104
52
6
108
108
104
337
108
104
108
108
104
337
207
6
337
337
48
6
337
42
6
47
122
42
47
104
134
104
134
48
47
104
104
48
6
337
6
48
104
134
47
207
104
104
110
110
110
104
42
6
108
108
110
110
110
104
6
108
108
134
48
337
104
47
122
122
122
6
47
48
42
104
110
110
104
108
104
134
6
108
110
110
104
104
104
47
47
47
110
110
110
110
110
108
108
108
122
47
52
42
47
6
108
104
104
108
337
108
47
104
104
104
104
108
6
134
134
52
104
52
52
47
6
52
134
104
108
108
104
108
134
6
42
52
122
108
337
6
6
52
6
108
6
108
104
134
104
134
48
48
207
6
104
47
6
108
104
104
104
104
108
104
337
108
337
6
104
42
48
108
48
6
207
207
48
207
207
134
110
110
104
108
108
108
108
104
337
6
104
337
337
6
134
47
122
6
337
337
134
337
6
47
47
6
122
47
104
337
6
104
104
104
108
104
337
42
104
108
108
104
104
108
104
6
337
104
108
337
337
337
48
47
52
47
337
104
134
52
337
337
6
134
48
52
337
104
48
6
104
108
337
108
104
134
6
6
6
48
122
47
47
47
6
6
48
207
48
52
104
104
337
337
337
337
48
6
6
337
337
122
337
6
52
52
6
6
6
48
337
108
6
122
207
122
122
337
6
6
337
52
337
6
48
6
207
48
122
6
6
