108
42
48
207
42
6
337
48
48
207
207
42
207
47
122
108
108
42
48
48
48
207
48
6
48
122
337
47
52
42
42
47
48
48
48
48
110
47
47
48
110
42
134
108
207
42
47
48
47
337
122
52
207
48
122
337
134
42
48
48
207
122
42
42
207
207
48
207
122
122
6
122
207
207
122
207
122
122
207
108
122
6
6
110
207
207
108
122
122
122
207
6
122
108
6
48
6
207
42
42
6
42
122
104
207
122
207
108
104
110
207
122
134
122
108
122
134
207
122
134
122
122
122
207
134
134
134
134
134
122
207
134
207
134
207
42
207
207
207
207
207
134
134
134
207
110
207
207
134
134
134
207
207
207
207
134
134
207
134
207
207
207
207
134
134
42
207
207
207
134
134
134
42
207
207
207
207
134
207
207
207
207
134
207
42
42
207
134
134
207
207
134
207
207
207
207
134
134
108
207
134
134
207
207
207
134
207
207
207
207
134
134
207
207
207
207
134
207
207
108
52
207
207
110
42
108
108
207
207
207
134
207
122
108
207
122
122
122
122
108
108
122
122
122
122
122
207
42
122
337
122
122
122
122
337
337
337
122
122
122
6
42
337
337
122
104
122
207
122
337
337
337
337
6
122
42
337
337
337
337
337
337
337
337
337
337
337
337
337
337
337
337
6
337
337
337
134
122
207
337
337
337
337
122
122
108
337
337
337
337
337
337
207
6
122
207
122
122
207
337
337
337
337
337
337
337
337
337
337
337
337
337
337
207
134
337
337
337
337
108
337
207
337
337
337
337
337
337
337
337
337
337
42
207
122
104
122
207
108
110
337
337
337
337
122
